<?xml version="1.0" encoding="UTF-8"?>
<testng-results ignored="0" total="1" passed="1" failed="0" skipped="0">
  <reporter-output>
  </reporter-output>
  <suite started-at="2025-02-05T17:18:06 PKT" name="Default suite" finished-at="2025-02-05T17:18:08 PKT" duration-ms="2003">
    <groups>
    </groups>
    <test started-at="2025-02-05T17:18:06 PKT" name="Default test" finished-at="2025-02-05T17:18:08 PKT" duration-ms="2003">
      <class name="example.TestCase">
        <test-method is-config="true" signature="beforecalssf()[pri:0, instance:example.TestCase@5fb759d6]" started-at="2025-02-05T17:18:06 PKT" name="beforecalssf" finished-at="2025-02-05T17:18:06 PKT" duration-ms="528" status="PASS">
          <reporter-output>
          </reporter-output>
        </test-method> <!-- beforecalssf -->
        <test-method signature="getUsers()[pri:0, instance:example.TestCase@5fb759d6]" started-at="2025-02-05T17:18:06 PKT" name="getUsers" finished-at="2025-02-05T17:18:08 PKT" duration-ms="1434" status="PASS">
          <reporter-output>
          </reporter-output>
        </test-method> <!-- getUsers -->
      </class> <!-- example.TestCase -->
    </test> <!-- Default test -->
  </suite> <!-- Default suite -->
</testng-results>
